=== Scaffold Execution Log ===
Model: anthropic/claude-3-5-haiku-latest
Timestamp: 20250819_163011

=== INPUT ===
Which of the following sequences is correctly ordered by their distance from the Sun? When a parameter is not mentioned, assume it is zero. For the stars in the Solar Neighborhood (distance < 500 pc), assume that the total absorption in the V band relates to the color excess of the B-V color with an Rv value of 3.1.


a) A star with an absolute V magnitude of 8 and observed magnitude of 8 mag, E(B-V) = 0. mag
b) A star with an absolute V magnitude of 8 and observed magntidue of 7 mag, E(B-V) = 0. mag
c) A star with an absolute V magnitude of 8 and observed magntidue of 9 mag, E(B-V) = 0. mag
d) A star with an absolute V magnitude of 8 and observed magntidue of 7 mag, E(B-V) = 0.2 mag
e) A star with an absolute V magnitude of 7 and observed magntidue of 7 mag, E(B-V) = 0.2 mag
f) A star with an absolute V magnitude of 7 and observed magnitude of 7 mag, E(B-V) = 0. mag

A) b < d < e < a < c

B) b < a < f < c

â–  C) d < b < f < c

D) b < e < c < f


Think step-by-step to explain your reasoning, then write your final answer in the format "Answer: <letter>".

=== STDERR ===
WARNING: Your kernel does not support swap limit capabilities or the cgroup is not mounted. Memory limited without swap.
2025-08-19 23:30:14,117 [ERROR] Error occurred: unterminated string literal (detected at line 64) (scaffold.py, line 64)
Traceback (most recent call last):
  File "<string>", line 27, in <module>
  File "/workspace/scaffold/scaffold.py", line 64
    Think step-by-step to explain your reasoning, then write your final answer in the format "Answer: <letter>""""
                                                                                                                 ^
SyntaxError: unterminated string literal (detected at line 64)

=== ERROR ===
Error from scaffold (exit code 1):
WARNING: Your kernel does not support swap limit capabilities or the cgroup is not mounted. Memory limited without swap.
2025-08-19 23:30:14,117 [ERROR] Error occurred: unterminated string literal (detected at line 64) (scaffold.py, line 64)
Traceback (most recent call last):
  File "<string>", line 27, in <module>
  File "/workspace/scaffold/scaffold.py", line 64
    Think step-by-step to explain your reasoning, then write your final answer in the format "Answer: <letter>""""
                                                                                                                 ^
SyntaxError: unterminated string literal (detected at line 64)


=== SCORE ===
Final score: 0.0
