=== Scaffold Execution Log ===
Model: anthropic/claude-3-5-haiku-latest
Timestamp: 20250819_163011

=== INPUT ===
Using the molecular formula and 1H NMR data of compounds A and B, please identify the reactants, product, and type of reaction that occurs to form product C.

A(C6H13Br) : 3 signals, 1 singlet, and 2 triplets.
B(C4H6): 3 signals, 1 singlet, 1 triplet and 1 quartet.
C(C10H18): 5 signals, 1 singlet, 3 triplets and a quartet

A) It is a nucleophilic addition between 1-bromo-3,3-dimethylbutane and but-1-yne to form 6,7-dimethyloct-3-yne.
â–  B) It is a nucleophilic Substitution between 1-bromo-3,3-dimethylbutane and but-1-yne to form 7,7-dimethyloct-3-yne
C) It is an electrophilic Substitution between 1-bromo-3,3-dimethylbutane and but-2-yne to form 6,7-dimethyloct-3-yne
D) It is a nucleophilic Substitution between 3-bromo-2,4-dimethylpentane and 3-methylbut-1-yne to form 5-isopropyl-2,6-dimethylhept-3-yne.

Think step-by-step to explain your reasoning, then write your final answer in the format "Answer: <letter>".

=== STDERR ===
WARNING: Your kernel does not support swap limit capabilities or the cgroup is not mounted. Memory limited without swap.
2025-08-19 23:30:16,222 [ERROR] Error occurred: unterminated string literal (detected at line 64) (scaffold.py, line 64)
Traceback (most recent call last):
  File "<string>", line 27, in <module>
  File "/workspace/scaffold/scaffold.py", line 64
    Think step-by-step to explain your reasoning, then write your final answer in the format "Answer: <letter>""""
                                                                                                                 ^
SyntaxError: unterminated string literal (detected at line 64)

=== ERROR ===
Error from scaffold (exit code 1):
WARNING: Your kernel does not support swap limit capabilities or the cgroup is not mounted. Memory limited without swap.
2025-08-19 23:30:16,222 [ERROR] Error occurred: unterminated string literal (detected at line 64) (scaffold.py, line 64)
Traceback (most recent call last):
  File "<string>", line 27, in <module>
  File "/workspace/scaffold/scaffold.py", line 64
    Think step-by-step to explain your reasoning, then write your final answer in the format "Answer: <letter>""""
                                                                                                                 ^
SyntaxError: unterminated string literal (detected at line 64)


=== SCORE ===
Final score: 0.0
